<?xml version="1.0" encoding="UTF-8"?>
<robot generator="Robot 6.1.1 (Python 3.12.0 on darwin)" generated="20231214 17:27:59.191" rpa="false" schemaversion="4">
<suite id="s1" name="Automated" source="/Users/kimutar/Documents/Automated">
<suite id="s1-s1" name="AnsHomework2" source="/Users/kimutar/Documents/Automated/AnsHomework2.robot">
<test id="s1-s1-t1" name="TC001 - Input Data" line="156">
<kw name="Open Web browser">
<kw name="Set Selenium Speed" library="SeleniumLibrary">
<arg>0.5s</arg>
<doc>Sets the delay that is waited after each Selenium command.</doc>
<status status="PASS" starttime="20231214 17:27:59.274" endtime="20231214 17:27:59.274"/>
</kw>
<kw name="Open Browser" library="SeleniumLibrary">
<arg>${url}</arg>
<arg>${browser}</arg>
<doc>Opens a new browser instance to the optional ``url``.</doc>
<msg timestamp="20231214 17:27:59.274" level="INFO">Opening browser 'chrome' to base url 'https://automate-test.stpb-digital.com/register/'.</msg>
<status status="PASS" starttime="20231214 17:27:59.274" endtime="20231214 17:28:01.520"/>
</kw>
<kw name="Wait Until Page Contains" library="SeleniumLibrary">
<arg>Kru P' Beam</arg>
<arg>5s</arg>
<doc>Waits until ``text`` appears on the current page.</doc>
<status status="PASS" starttime="20231214 17:28:01.521" endtime="20231214 17:28:02.047"/>
</kw>
<kw name="Maximize Browser Window" library="SeleniumLibrary">
<doc>Maximizes current browser window.</doc>
<status status="PASS" starttime="20231214 17:28:02.048" endtime="20231214 17:28:02.671"/>
</kw>
<status status="PASS" starttime="20231214 17:27:59.274" endtime="20231214 17:28:02.672"/>
</kw>
<kw name="Input Data For Register">
<kw name="Input Text" library="SeleniumLibrary">
<arg>${locator_firstname}</arg>
<arg>กนกนวล</arg>
<doc>Types the given ``text`` into the text field identified by ``locator``.</doc>
<msg timestamp="20231214 17:28:02.675" level="INFO">Typing text 'กนกนวล' into text field 'id=firstname'.</msg>
<msg timestamp="20231214 17:28:03.741" level="WARN">Keyword 'Capture Page Screenshot' could not be run on failure: Message: no such window: target window already closed
from unknown error: web view not found
  (Session info: chrome=120.0.6099.109)
Stacktrace:
0   chromedriver                        0x00000001052bc4cc chromedriver + 4162764
1   chromedriver                        0x00000001052b4654 chromedriver + 4130388
2   chromedriver                        0x0000000104f0bbc0 chromedriver + 293824
3   chromedriver                        0x0000000104ee46c0 chromedriver + 132800
4   chromedriver                        0x0000000104f7d25c chromedriver + 758364
5   chromedriver                        0x0000000104f91294 chromedriver + 840340
6   chromedriver                        0x0000000104f456bc chromedriver + 530108
7   chromedriver                        0x0000000104f46930 chromedriver + 534832
8   chromedriver                        0x0000000105281df8 chromedriver + 3923448
9   chromedriver                        0x00000001052863cc chromedriver + 3941324
10  chromedriver                        0x000000010526a028 chromedriver + 3825704
11  chromedriver                        0x0000000105286f2c chromedriver + 3944236
12  chromedriver                        0x000000010525c6e4 chromedriver + 3770084
13  chromedriver                        0x00000001052a3970 chromedriver + 4061552
14  chromedriver                        0x00000001052a3ae8 chromedriver + 4061928
15  chromedriver                        0x00000001052b42d4 chromedriver + 4129492
16  libsystem_pthread.dylib             0x000000018ba45034 _pthread_start + 136
17  libsystem_pthread.dylib             0x000000018ba3fe3c thread_start + 8
</msg>
<msg timestamp="20231214 17:28:03.742" level="FAIL">NoSuchWindowException: Message: no such window: target window already closed
from unknown error: web view not found
  (Session info: chrome=120.0.6099.109)
Stacktrace:
0   chromedriver                        0x00000001052bc4cc chromedriver + 4162764
1   chromedriver                        0x00000001052b4654 chromedriver + 4130388
2   chromedriver                        0x0000000104f0bbc0 chromedriver + 293824
3   chromedriver                        0x0000000104ee46c0 chromedriver + 132800
4   chromedriver                        0x0000000104f7d25c chromedriver + 758364
5   chromedriver                        0x0000000104f91294 chromedriver + 840340
6   chromedriver                        0x0000000104f456bc chromedriver + 530108
7   chromedriver                        0x0000000104f46930 chromedriver + 534832
8   chromedriver                        0x0000000105281df8 chromedriver + 3923448
9   chromedriver                        0x00000001052863cc chromedriver + 3941324
10  chromedriver                        0x000000010526a028 chromedriver + 3825704
11  chromedriver                        0x0000000105286f2c chromedriver + 3944236
12  chromedriver                        0x000000010525c6e4 chromedriver + 3770084
13  chromedriver                        0x00000001052a3970 chromedriver + 4061552
14  chromedriver                        0x00000001052a3ae8 chromedriver + 4061928
15  chromedriver                        0x00000001052b42d4 chromedriver + 4129492
16  libsystem_pthread.dylib             0x000000018ba45034 _pthread_start + 136
17  libsystem_pthread.dylib             0x000000018ba3fe3c thread_start + 8
</msg>
<status status="FAIL" starttime="20231214 17:28:02.673" endtime="20231214 17:28:03.746"/>
</kw>
<kw name="Input Text" library="SeleniumLibrary">
<arg>${locator_lastname}</arg>
<arg>อินขาน</arg>
<doc>Types the given ``text`` into the text field identified by ``locator``.</doc>
<status status="NOT RUN" starttime="20231214 17:28:03.747" endtime="20231214 17:28:03.747"/>
</kw>
<kw name="Input Text" library="SeleniumLibrary">
<arg>${locator_email}</arg>
<arg>Beam1234@gmail.com</arg>
<doc>Types the given ``text`` into the text field identified by ``locator``.</doc>
<status status="NOT RUN" starttime="20231214 17:28:03.747" endtime="20231214 17:28:03.747"/>
</kw>
<kw name="Input Text" library="SeleniumLibrary">
<arg>${locator_password}</arg>
<arg>1234567890</arg>
<doc>Types the given ``text`` into the text field identified by ``locator``.</doc>
<status status="NOT RUN" starttime="20231214 17:28:03.747" endtime="20231214 17:28:03.747"/>
</kw>
<kw name="Input Text" library="SeleniumLibrary">
<arg>${locator_phone}</arg>
<arg>08222222222</arg>
<doc>Types the given ``text`` into the text field identified by ``locator``.</doc>
<status status="NOT RUN" starttime="20231214 17:28:03.747" endtime="20231214 17:28:03.747"/>
</kw>
<kw name="Select Radio Button" library="SeleniumLibrary">
<arg>${locator_gender}</arg>
<arg>female</arg>
<doc>Sets the radio button group ``group_name`` to ``value``.</doc>
<status status="NOT RUN" starttime="20231214 17:28:03.747" endtime="20231214 17:28:03.747"/>
</kw>
<kw name="Select Checkbox" library="SeleniumLibrary">
<arg>${locator_courseSQL}</arg>
<doc>Selects the checkbox identified by ``locator``.</doc>
<status status="NOT RUN" starttime="20231214 17:28:03.747" endtime="20231214 17:28:03.747"/>
</kw>
<kw name="Select List Nationality">
<status status="NOT RUN" starttime="20231214 17:28:03.747" endtime="20231214 17:28:03.747"/>
</kw>
<kw name="Select List Role">
<status status="NOT RUN" starttime="20231214 17:28:03.747" endtime="20231214 17:28:03.748"/>
</kw>
<kw name="Select List Plan">
<status status="NOT RUN" starttime="20231214 17:28:03.748" endtime="20231214 17:28:03.748"/>
</kw>
<status status="FAIL" starttime="20231214 17:28:02.672" endtime="20231214 17:28:03.748"/>
</kw>
<kw name="Click Element" library="SeleniumLibrary">
<arg>${locator_btn_signup}</arg>
<doc>Click the element identified by ``locator``.</doc>
<status status="NOT RUN" starttime="20231214 17:28:03.748" endtime="20231214 17:28:03.748"/>
</kw>
<kw name="Sleep" library="BuiltIn">
<arg>5s</arg>
<doc>Pauses the test executed for the given time.</doc>
<status status="NOT RUN" starttime="20231214 17:28:03.748" endtime="20231214 17:28:03.748"/>
</kw>
<kw name="Close Browser" library="SeleniumLibrary">
<doc>Closes the current browser.</doc>
<status status="NOT RUN" starttime="20231214 17:28:03.748" endtime="20231214 17:28:03.748"/>
</kw>
<status status="FAIL" starttime="20231214 17:27:59.273" endtime="20231214 17:28:03.748">NoSuchWindowException: Message: no such window: target window already closed
from unknown error: web view not found
  (Session info: chrome=120.0.6099.109)
Stacktrace:
0   chromedriver                        0x00000001052bc4cc chromedriver + 4162764
1   chromedriver                        0x00000001052b4654 chromedriver + 4130388
2   chromedriver                        0x0000000104f0bbc0 chromedriver + 293824
3   chromedriver                        0x0000000104ee46c0 chromedriver + 132800
4   chromedriver                        0x0000000104f7d25c chromedriver + 758364
5   chromedriver                        0x0000000104f91294 chromedriver + 840340
6   chromedriver                        0x0000000104f456bc chromedriver + 530108
7   chromedriver                        0x0000000104f46930 chromedriver + 534832
8   chromedriver                        0x0000000105281df8 chromedriver + 3923448
9   chromedriver                        0x00000001052863cc chromedriver + 3941324
10  chromedriver                        0x000000010526a028 chromedriver + 3825704
11  chromedriver                        0x0000000105286f2c chromedriver + 3944236
12  chromedriver                        0x000000010525c6e4 chromedriver + 3770084
13  chromedriver                        0x00000001052a3970 chromedriver + 4061552
14  chromedriver                        0x00000001052a3ae8 chromedriver + 4061928
15  chromedriver                        0x00000001052b42d4 chromedriver + 4129492
16  libsystem_pthread.dylib             0x000000018ba45034 _pthread_start + 136
17  libsystem_pthread.dylib             0x000000018ba3fe3c thread_start + 8
</status>
</test>
<test id="s1-s1-t2" name="TC002-Reset Data" line="163">
<kw name="Open Web browser">
<kw name="Set Selenium Speed" library="SeleniumLibrary">
<arg>0.5s</arg>
<doc>Sets the delay that is waited after each Selenium command.</doc>
<status status="PASS" starttime="20231214 17:28:03.750" endtime="20231214 17:28:03.750"/>
</kw>
<kw name="Open Browser" library="SeleniumLibrary">
<arg>${url}</arg>
<arg>${browser}</arg>
<doc>Opens a new browser instance to the optional ``url``.</doc>
<msg timestamp="20231214 17:28:03.751" level="INFO">Opening browser 'chrome' to base url 'https://automate-test.stpb-digital.com/register/'.</msg>
<status status="PASS" starttime="20231214 17:28:03.750" endtime="20231214 17:28:05.946"/>
</kw>
<kw name="Wait Until Page Contains" library="SeleniumLibrary">
<arg>Kru P' Beam</arg>
<arg>5s</arg>
<doc>Waits until ``text`` appears on the current page.</doc>
<status status="PASS" starttime="20231214 17:28:05.948" endtime="20231214 17:28:06.473"/>
</kw>
<kw name="Maximize Browser Window" library="SeleniumLibrary">
<doc>Maximizes current browser window.</doc>
<status status="PASS" starttime="20231214 17:28:06.474" endtime="20231214 17:28:07.095"/>
</kw>
<status status="PASS" starttime="20231214 17:28:03.749" endtime="20231214 17:28:07.095"/>
</kw>
<kw name="Input Data For Register">
<kw name="Input Text" library="SeleniumLibrary">
<arg>${locator_firstname}</arg>
<arg>กนกนวล</arg>
<doc>Types the given ``text`` into the text field identified by ``locator``.</doc>
<msg timestamp="20231214 17:28:07.099" level="INFO">Typing text 'กนกนวล' into text field 'id=firstname'.</msg>
<msg timestamp="20231214 17:28:08.167" level="WARN">Keyword 'Capture Page Screenshot' could not be run on failure: Message: no such window: target window already closed
from unknown error: web view not found
  (Session info: chrome=120.0.6099.109)
Stacktrace:
0   chromedriver                        0x00000001031f84cc chromedriver + 4162764
1   chromedriver                        0x00000001031f0654 chromedriver + 4130388
2   chromedriver                        0x0000000102e47bc0 chromedriver + 293824
3   chromedriver                        0x0000000102e206c0 chromedriver + 132800
4   chromedriver                        0x0000000102eb925c chromedriver + 758364
5   chromedriver                        0x0000000102ecd294 chromedriver + 840340
6   chromedriver                        0x0000000102e816bc chromedriver + 530108
7   chromedriver                        0x0000000102e82930 chromedriver + 534832
8   chromedriver                        0x00000001031bddf8 chromedriver + 3923448
9   chromedriver                        0x00000001031c23cc chromedriver + 3941324
10  chromedriver                        0x00000001031a6028 chromedriver + 3825704
11  chromedriver                        0x00000001031c2f2c chromedriver + 3944236
12  chromedriver                        0x00000001031986e4 chromedriver + 3770084
13  chromedriver                        0x00000001031df970 chromedriver + 4061552
14  chromedriver                        0x00000001031dfae8 chromedriver + 4061928
15  chromedriver                        0x00000001031f02d4 chromedriver + 4129492
16  libsystem_pthread.dylib             0x000000018ba45034 _pthread_start + 136
17  libsystem_pthread.dylib             0x000000018ba3fe3c thread_start + 8
</msg>
<msg timestamp="20231214 17:28:08.168" level="FAIL">NoSuchWindowException: Message: no such window: target window already closed
from unknown error: web view not found
  (Session info: chrome=120.0.6099.109)
Stacktrace:
0   chromedriver                        0x00000001031f84cc chromedriver + 4162764
1   chromedriver                        0x00000001031f0654 chromedriver + 4130388
2   chromedriver                        0x0000000102e47bc0 chromedriver + 293824
3   chromedriver                        0x0000000102e206c0 chromedriver + 132800
4   chromedriver                        0x0000000102eb925c chromedriver + 758364
5   chromedriver                        0x0000000102ecd294 chromedriver + 840340
6   chromedriver                        0x0000000102e816bc chromedriver + 530108
7   chromedriver                        0x0000000102e82930 chromedriver + 534832
8   chromedriver                        0x00000001031bddf8 chromedriver + 3923448
9   chromedriver                        0x00000001031c23cc chromedriver + 3941324
10  chromedriver                        0x00000001031a6028 chromedriver + 3825704
11  chromedriver                        0x00000001031c2f2c chromedriver + 3944236
12  chromedriver                        0x00000001031986e4 chromedriver + 3770084
13  chromedriver                        0x00000001031df970 chromedriver + 4061552
14  chromedriver                        0x00000001031dfae8 chromedriver + 4061928
15  chromedriver                        0x00000001031f02d4 chromedriver + 4129492
16  libsystem_pthread.dylib             0x000000018ba45034 _pthread_start + 136
17  libsystem_pthread.dylib             0x000000018ba3fe3c thread_start + 8
</msg>
<status status="FAIL" starttime="20231214 17:28:07.098" endtime="20231214 17:28:08.169"/>
</kw>
<kw name="Input Text" library="SeleniumLibrary">
<arg>${locator_lastname}</arg>
<arg>อินขาน</arg>
<doc>Types the given ``text`` into the text field identified by ``locator``.</doc>
<status status="NOT RUN" starttime="20231214 17:28:08.169" endtime="20231214 17:28:08.169"/>
</kw>
<kw name="Input Text" library="SeleniumLibrary">
<arg>${locator_email}</arg>
<arg>Beam1234@gmail.com</arg>
<doc>Types the given ``text`` into the text field identified by ``locator``.</doc>
<status status="NOT RUN" starttime="20231214 17:28:08.169" endtime="20231214 17:28:08.169"/>
</kw>
<kw name="Input Text" library="SeleniumLibrary">
<arg>${locator_password}</arg>
<arg>1234567890</arg>
<doc>Types the given ``text`` into the text field identified by ``locator``.</doc>
<status status="NOT RUN" starttime="20231214 17:28:08.169" endtime="20231214 17:28:08.169"/>
</kw>
<kw name="Input Text" library="SeleniumLibrary">
<arg>${locator_phone}</arg>
<arg>08222222222</arg>
<doc>Types the given ``text`` into the text field identified by ``locator``.</doc>
<status status="NOT RUN" starttime="20231214 17:28:08.169" endtime="20231214 17:28:08.169"/>
</kw>
<kw name="Select Radio Button" library="SeleniumLibrary">
<arg>${locator_gender}</arg>
<arg>female</arg>
<doc>Sets the radio button group ``group_name`` to ``value``.</doc>
<status status="NOT RUN" starttime="20231214 17:28:08.170" endtime="20231214 17:28:08.170"/>
</kw>
<kw name="Select Checkbox" library="SeleniumLibrary">
<arg>${locator_courseSQL}</arg>
<doc>Selects the checkbox identified by ``locator``.</doc>
<status status="NOT RUN" starttime="20231214 17:28:08.170" endtime="20231214 17:28:08.170"/>
</kw>
<kw name="Select List Nationality">
<status status="NOT RUN" starttime="20231214 17:28:08.170" endtime="20231214 17:28:08.170"/>
</kw>
<kw name="Select List Role">
<status status="NOT RUN" starttime="20231214 17:28:08.170" endtime="20231214 17:28:08.170"/>
</kw>
<kw name="Select List Plan">
<status status="NOT RUN" starttime="20231214 17:28:08.170" endtime="20231214 17:28:08.170"/>
</kw>
<status status="FAIL" starttime="20231214 17:28:07.097" endtime="20231214 17:28:08.170"/>
</kw>
<kw name="Click Element" library="SeleniumLibrary">
<arg>${locator_reset}</arg>
<doc>Click the element identified by ``locator``.</doc>
<status status="NOT RUN" starttime="20231214 17:28:08.171" endtime="20231214 17:28:08.171"/>
</kw>
<kw name="Close Browser" library="SeleniumLibrary">
<doc>Closes the current browser.</doc>
<status status="NOT RUN" starttime="20231214 17:28:08.171" endtime="20231214 17:28:08.171"/>
</kw>
<status status="FAIL" starttime="20231214 17:28:03.749" endtime="20231214 17:28:08.171">NoSuchWindowException: Message: no such window: target window already closed
from unknown error: web view not found
  (Session info: chrome=120.0.6099.109)
Stacktrace:
0   chromedriver                        0x00000001031f84cc chromedriver + 4162764
1   chromedriver                        0x00000001031f0654 chromedriver + 4130388
2   chromedriver                        0x0000000102e47bc0 chromedriver + 293824
3   chromedriver                        0x0000000102e206c0 chromedriver + 132800
4   chromedriver                        0x0000000102eb925c chromedriver + 758364
5   chromedriver                        0x0000000102ecd294 chromedriver + 840340
6   chromedriver                        0x0000000102e816bc chromedriver + 530108
7   chromedriver                        0x0000000102e82930 chromedriver + 534832
8   chromedriver                        0x00000001031bddf8 chromedriver + 3923448
9   chromedriver                        0x00000001031c23cc chromedriver + 3941324
10  chromedriver                        0x00000001031a6028 chromedriver + 3825704
11  chromedriver                        0x00000001031c2f2c chromedriver + 3944236
12  chromedriver                        0x00000001031986e4 chromedriver + 3770084
13  chromedriver                        0x00000001031df970 chromedriver + 4061552
14  chromedriver                        0x00000001031dfae8 chromedriver + 4061928
15  chromedriver                        0x00000001031f02d4 chromedriver + 4129492
16  libsystem_pthread.dylib             0x000000018ba45034 _pthread_start + 136
17  libsystem_pthread.dylib             0x000000018ba3fe3c thread_start + 8
</status>
</test>
<test id="s1-s1-t3" name="TC-003 - Hyperlink Sign in instead" line="169">
<kw name="Open Web browser">
<kw name="Set Selenium Speed" library="SeleniumLibrary">
<arg>0.5s</arg>
<doc>Sets the delay that is waited after each Selenium command.</doc>
<status status="PASS" starttime="20231214 17:28:08.173" endtime="20231214 17:28:08.173"/>
</kw>
<kw name="Open Browser" library="SeleniumLibrary">
<arg>${url}</arg>
<arg>${browser}</arg>
<doc>Opens a new browser instance to the optional ``url``.</doc>
<msg timestamp="20231214 17:28:08.173" level="INFO">Opening browser 'chrome' to base url 'https://automate-test.stpb-digital.com/register/'.</msg>
<status status="PASS" starttime="20231214 17:28:08.173" endtime="20231214 17:28:10.352"/>
</kw>
<kw name="Wait Until Page Contains" library="SeleniumLibrary">
<arg>Kru P' Beam</arg>
<arg>5s</arg>
<doc>Waits until ``text`` appears on the current page.</doc>
<status status="PASS" starttime="20231214 17:28:10.353" endtime="20231214 17:28:10.879"/>
</kw>
<kw name="Maximize Browser Window" library="SeleniumLibrary">
<doc>Maximizes current browser window.</doc>
<status status="PASS" starttime="20231214 17:28:10.880" endtime="20231214 17:28:11.499"/>
</kw>
<status status="PASS" starttime="20231214 17:28:08.172" endtime="20231214 17:28:11.500"/>
</kw>
<kw name="Click Element" library="SeleniumLibrary">
<arg>${locator_hyperlink_signin}</arg>
<doc>Click the element identified by ``locator``.</doc>
<msg timestamp="20231214 17:28:11.502" level="INFO">Clicking element 'xpath=//*[@id="__next"]/div[1]/div/div/div/div/div/div/form/div[11]/p[2]/a'.</msg>
<status status="PASS" starttime="20231214 17:28:11.500" endtime="20231214 17:28:12.578"/>
</kw>
<kw name="Close Browser" library="SeleniumLibrary">
<doc>Closes the current browser.</doc>
<status status="PASS" starttime="20231214 17:28:12.579" endtime="20231214 17:28:13.162"/>
</kw>
<status status="PASS" starttime="20231214 17:28:08.172" endtime="20231214 17:28:13.163"/>
</test>
<test id="s1-s1-t4" name="TC-004 - Null Required Field" line="174">
<kw name="Open Web browser">
<kw name="Set Selenium Speed" library="SeleniumLibrary">
<arg>0.5s</arg>
<doc>Sets the delay that is waited after each Selenium command.</doc>
<status status="PASS" starttime="20231214 17:28:13.164" endtime="20231214 17:28:13.164"/>
</kw>
<kw name="Open Browser" library="SeleniumLibrary">
<arg>${url}</arg>
<arg>${browser}</arg>
<doc>Opens a new browser instance to the optional ``url``.</doc>
<msg timestamp="20231214 17:28:13.165" level="INFO">Opening browser 'chrome' to base url 'https://automate-test.stpb-digital.com/register/'.</msg>
<status status="PASS" starttime="20231214 17:28:13.164" endtime="20231214 17:28:15.420"/>
</kw>
<kw name="Wait Until Page Contains" library="SeleniumLibrary">
<arg>Kru P' Beam</arg>
<arg>5s</arg>
<doc>Waits until ``text`` appears on the current page.</doc>
<status status="PASS" starttime="20231214 17:28:15.422" endtime="20231214 17:28:15.947"/>
</kw>
<kw name="Maximize Browser Window" library="SeleniumLibrary">
<doc>Maximizes current browser window.</doc>
<status status="PASS" starttime="20231214 17:28:15.948" endtime="20231214 17:28:16.571"/>
</kw>
<status status="PASS" starttime="20231214 17:28:13.164" endtime="20231214 17:28:16.572"/>
</kw>
<kw name="Input Firstname - Null">
<kw name="Wait Until Element Is Visible" library="SeleniumLibrary">
<arg>${locator_firstname}</arg>
<doc>Waits until the element ``locator`` is visible.</doc>
<status status="PASS" starttime="20231214 17:28:16.574" endtime="20231214 17:28:17.618"/>
</kw>
<kw name="Input Text" library="SeleniumLibrary">
<arg>${locator_firstname}</arg>
<arg>${EMPTY}</arg>
<doc>Types the given ``text`` into the text field identified by ``locator``.</doc>
<msg timestamp="20231214 17:28:17.623" level="INFO">Typing text '' into text field 'id=firstname'.</msg>
<status status="PASS" starttime="20231214 17:28:17.619" endtime="20231214 17:28:19.217"/>
</kw>
<kw name="Click Element" library="SeleniumLibrary">
<arg>${locator_btn_signup}</arg>
<doc>Click the element identified by ``locator``.</doc>
<msg timestamp="20231214 17:28:19.221" level="INFO">Clicking element 'id=btn-sign-up'.</msg>
<status status="PASS" starttime="20231214 17:28:19.218" endtime="20231214 17:28:20.313"/>
</kw>
<kw name="Wait Until Element Is Visible" library="SeleniumLibrary">
<arg>${locator_FirstnameErrorMsg}</arg>
<doc>Waits until the element ``locator`` is visible.</doc>
<status status="PASS" starttime="20231214 17:28:20.314" endtime="20231214 17:28:21.362"/>
</kw>
<kw name="Get Text" library="SeleniumLibrary">
<var>${txt}</var>
<arg>${locator_FirstnameErrorMsg}</arg>
<doc>Returns the text value of the element identified by ``locator``.</doc>
<msg timestamp="20231214 17:28:22.402" level="INFO">${txt} = This field is required</msg>
<status status="PASS" starttime="20231214 17:28:21.363" endtime="20231214 17:28:22.402"/>
</kw>
<kw name="Should Be Equal As Strings" library="BuiltIn">
<arg>${txt}</arg>
<arg>This field is required</arg>
<doc>Fails if objects are unequal after converting them to strings.</doc>
<status status="PASS" starttime="20231214 17:28:22.403" endtime="20231214 17:28:22.404"/>
</kw>
<status status="PASS" starttime="20231214 17:28:16.573" endtime="20231214 17:28:22.406"/>
</kw>
<kw name="Input Lastname - Null">
<kw name="Wait Until Element Is Visible" library="SeleniumLibrary">
<arg>${locator_lastname}</arg>
<doc>Waits until the element ``locator`` is visible.</doc>
<status status="PASS" starttime="20231214 17:28:22.407" endtime="20231214 17:28:23.446"/>
</kw>
<kw name="Input Text" library="SeleniumLibrary">
<arg>${locator_lastname}</arg>
<arg>${EMPTY}</arg>
<doc>Types the given ``text`` into the text field identified by ``locator``.</doc>
<msg timestamp="20231214 17:28:23.450" level="INFO">Typing text '' into text field 'id=lastname'.</msg>
<status status="PASS" starttime="20231214 17:28:23.447" endtime="20231214 17:28:25.039"/>
</kw>
<kw name="Click Element" library="SeleniumLibrary">
<arg>${locator_btn_signup}</arg>
<doc>Click the element identified by ``locator``.</doc>
<msg timestamp="20231214 17:28:25.041" level="INFO">Clicking element 'id=btn-sign-up'.</msg>
<status status="PASS" starttime="20231214 17:28:25.039" endtime="20231214 17:28:26.112"/>
</kw>
<kw name="Wait Until Element Is Visible" library="SeleniumLibrary">
<arg>${locator_LastnameErrorMsg}</arg>
<doc>Waits until the element ``locator`` is visible.</doc>
<status status="PASS" starttime="20231214 17:28:26.113" endtime="20231214 17:28:27.155"/>
</kw>
<kw name="Get Text" library="SeleniumLibrary">
<var>${txt}</var>
<arg>${locator_LastnameErrorMsg}</arg>
<doc>Returns the text value of the element identified by ``locator``.</doc>
<msg timestamp="20231214 17:28:28.182" level="INFO">${txt} = This field is required</msg>
<status status="PASS" starttime="20231214 17:28:27.155" endtime="20231214 17:28:28.183"/>
</kw>
<kw name="Should Be Equal As Strings" library="BuiltIn">
<arg>${txt}</arg>
<arg>This field is required</arg>
<doc>Fails if objects are unequal after converting them to strings.</doc>
<status status="PASS" starttime="20231214 17:28:28.184" endtime="20231214 17:28:28.185"/>
</kw>
<status status="PASS" starttime="20231214 17:28:22.407" endtime="20231214 17:28:28.185"/>
</kw>
<kw name="Input Email - Null">
<kw name="Wait Until Element Is Visible" library="SeleniumLibrary">
<arg>${locator_email}</arg>
<doc>Waits until the element ``locator`` is visible.</doc>
<status status="PASS" starttime="20231214 17:28:28.187" endtime="20231214 17:28:29.228"/>
</kw>
<kw name="Input Text" library="SeleniumLibrary">
<arg>${locator_email}</arg>
<arg>${EMPTY}</arg>
<doc>Types the given ``text`` into the text field identified by ``locator``.</doc>
<msg timestamp="20231214 17:28:29.229" level="INFO">Typing text '' into text field 'id=email'.</msg>
<status status="PASS" starttime="20231214 17:28:29.228" endtime="20231214 17:28:30.820"/>
</kw>
<kw name="Click Element" library="SeleniumLibrary">
<arg>${locator_btn_signup}</arg>
<doc>Click the element identified by ``locator``.</doc>
<msg timestamp="20231214 17:28:30.823" level="INFO">Clicking element 'id=btn-sign-up'.</msg>
<status status="PASS" starttime="20231214 17:28:30.821" endtime="20231214 17:28:31.892"/>
</kw>
<kw name="Wait Until Element Is Visible" library="SeleniumLibrary">
<arg>${locator_EmailErrorMsg}</arg>
<doc>Waits until the element ``locator`` is visible.</doc>
<status status="PASS" starttime="20231214 17:28:31.893" endtime="20231214 17:28:32.936"/>
</kw>
<kw name="Get Text" library="SeleniumLibrary">
<var>${txt}</var>
<arg>${locator_EmailErrorMsg}</arg>
<doc>Returns the text value of the element identified by ``locator``.</doc>
<msg timestamp="20231214 17:28:33.971" level="INFO">${txt} = This field is required</msg>
<status status="PASS" starttime="20231214 17:28:32.937" endtime="20231214 17:28:33.971"/>
</kw>
<kw name="Should Be Equal As Strings" library="BuiltIn">
<arg>${txt}</arg>
<arg>This field is required</arg>
<doc>Fails if objects are unequal after converting them to strings.</doc>
<status status="PASS" starttime="20231214 17:28:33.972" endtime="20231214 17:28:33.974"/>
</kw>
<status status="PASS" starttime="20231214 17:28:28.186" endtime="20231214 17:28:33.975"/>
</kw>
<kw name="Input Password - Null">
<kw name="Wait Until Element Is Visible" library="SeleniumLibrary">
<arg>${locator_password}</arg>
<doc>Waits until the element ``locator`` is visible.</doc>
<status status="PASS" starttime="20231214 17:28:33.976" endtime="20231214 17:28:35.014"/>
</kw>
<kw name="Input Text" library="SeleniumLibrary">
<arg>${locator_password}</arg>
<arg>${EMPTY}</arg>
<doc>Types the given ``text`` into the text field identified by ``locator``.</doc>
<msg timestamp="20231214 17:28:35.015" level="INFO">Typing text '' into text field 'id=password'.</msg>
<status status="PASS" starttime="20231214 17:28:35.014" endtime="20231214 17:28:36.611"/>
</kw>
<kw name="Click Element" library="SeleniumLibrary">
<arg>${locator_btn_signup}</arg>
<doc>Click the element identified by ``locator``.</doc>
<msg timestamp="20231214 17:28:36.613" level="INFO">Clicking element 'id=btn-sign-up'.</msg>
<status status="PASS" starttime="20231214 17:28:36.611" endtime="20231214 17:28:37.685"/>
</kw>
<kw name="Wait Until Element Is Visible" library="SeleniumLibrary">
<arg>${locator_PasswordErrorMsg}</arg>
<doc>Waits until the element ``locator`` is visible.</doc>
<status status="PASS" starttime="20231214 17:28:37.685" endtime="20231214 17:28:38.727"/>
</kw>
<kw name="Get Text" library="SeleniumLibrary">
<var>${txt}</var>
<arg>${locator_PasswordErrorMsg}</arg>
<doc>Returns the text value of the element identified by ``locator``.</doc>
<msg timestamp="20231214 17:28:39.763" level="INFO">${txt} = This field is required</msg>
<status status="PASS" starttime="20231214 17:28:38.728" endtime="20231214 17:28:39.763"/>
</kw>
<kw name="Should Be Equal As Strings" library="BuiltIn">
<arg>${txt}</arg>
<arg>This field is required</arg>
<doc>Fails if objects are unequal after converting them to strings.</doc>
<status status="PASS" starttime="20231214 17:28:39.764" endtime="20231214 17:28:39.765"/>
</kw>
<status status="PASS" starttime="20231214 17:28:33.976" endtime="20231214 17:28:39.766"/>
</kw>
<kw name="Input Phone - Null">
<kw name="Wait Until Element Is Visible" library="SeleniumLibrary">
<arg>${locator_phone}</arg>
<doc>Waits until the element ``locator`` is visible.</doc>
<status status="PASS" starttime="20231214 17:28:39.767" endtime="20231214 17:28:40.808"/>
</kw>
<kw name="Input Text" library="SeleniumLibrary">
<arg>${locator_phone}</arg>
<arg>${EMPTY}</arg>
<doc>Types the given ``text`` into the text field identified by ``locator``.</doc>
<msg timestamp="20231214 17:28:40.809" level="INFO">Typing text '' into text field 'id=mobile-phone'.</msg>
<status status="PASS" starttime="20231214 17:28:40.808" endtime="20231214 17:28:42.400"/>
</kw>
<kw name="Click Element" library="SeleniumLibrary">
<arg>${locator_btn_signup}</arg>
<doc>Click the element identified by ``locator``.</doc>
<msg timestamp="20231214 17:28:42.404" level="INFO">Clicking element 'id=btn-sign-up'.</msg>
<status status="PASS" starttime="20231214 17:28:42.401" endtime="20231214 17:28:43.471"/>
</kw>
<kw name="Wait Until Element Is Visible" library="SeleniumLibrary">
<arg>${locator_PhoneErrorMsg}</arg>
<doc>Waits until the element ``locator`` is visible.</doc>
<status status="PASS" starttime="20231214 17:28:43.472" endtime="20231214 17:28:44.515"/>
</kw>
<kw name="Get Text" library="SeleniumLibrary">
<var>${txt}</var>
<arg>${locator_PhoneErrorMsg}</arg>
<doc>Returns the text value of the element identified by ``locator``.</doc>
<msg timestamp="20231214 17:28:45.550" level="INFO">${txt} = This field is required</msg>
<status status="PASS" starttime="20231214 17:28:44.516" endtime="20231214 17:28:45.551"/>
</kw>
<kw name="Should Be Equal As Strings" library="BuiltIn">
<arg>${txt}</arg>
<arg>This field is required</arg>
<doc>Fails if objects are unequal after converting them to strings.</doc>
<status status="PASS" starttime="20231214 17:28:45.552" endtime="20231214 17:28:45.553"/>
</kw>
<status status="PASS" starttime="20231214 17:28:39.766" endtime="20231214 17:28:45.553"/>
</kw>
<kw name="Input Gender - Null">
<kw name="Wait Until Element Is Visible" library="SeleniumLibrary">
<arg>${locator_gender_group}</arg>
<doc>Waits until the element ``locator`` is visible.</doc>
<status status="PASS" starttime="20231214 17:28:45.555" endtime="20231214 17:28:46.596"/>
</kw>
<kw name="Click Element" library="SeleniumLibrary">
<arg>${locator_btn_signup}</arg>
<doc>Click the element identified by ``locator``.</doc>
<msg timestamp="20231214 17:28:46.597" level="INFO">Clicking element 'id=btn-sign-up'.</msg>
<status status="PASS" starttime="20231214 17:28:46.597" endtime="20231214 17:28:47.664"/>
</kw>
<kw name="Wait Until Element Is Visible" library="SeleniumLibrary">
<arg>${locator_GenderErrorMsg}</arg>
<doc>Waits until the element ``locator`` is visible.</doc>
<status status="PASS" starttime="20231214 17:28:47.665" endtime="20231214 17:28:48.706"/>
</kw>
<kw name="Get Text" library="SeleniumLibrary">
<var>${txt}</var>
<arg>${locator_GenderErrorMsg}</arg>
<doc>Returns the text value of the element identified by ``locator``.</doc>
<msg timestamp="20231214 17:28:49.741" level="INFO">${txt} = This field is required</msg>
<status status="PASS" starttime="20231214 17:28:48.707" endtime="20231214 17:28:49.741"/>
</kw>
<kw name="Should Be Equal As Strings" library="BuiltIn">
<arg>${txt}</arg>
<arg>This field is required</arg>
<doc>Fails if objects are unequal after converting them to strings.</doc>
<status status="PASS" starttime="20231214 17:28:49.742" endtime="20231214 17:28:49.743"/>
</kw>
<status status="PASS" starttime="20231214 17:28:45.554" endtime="20231214 17:28:49.744"/>
</kw>
<kw name="Input Course - Null">
<kw name="Wait Until Element Is Visible" library="SeleniumLibrary">
<arg>${locator_course}</arg>
<doc>Waits until the element ``locator`` is visible.</doc>
<status status="PASS" starttime="20231214 17:28:49.745" endtime="20231214 17:28:50.782"/>
</kw>
<kw name="Click Element" library="SeleniumLibrary">
<arg>${locator_btn_signup}</arg>
<doc>Click the element identified by ``locator``.</doc>
<msg timestamp="20231214 17:28:50.785" level="INFO">Clicking element 'id=btn-sign-up'.</msg>
<status status="PASS" starttime="20231214 17:28:50.783" endtime="20231214 17:28:51.853"/>
</kw>
<kw name="Wait Until Element Is Visible" library="SeleniumLibrary">
<arg>${locator_CourseErrorMsg}</arg>
<doc>Waits until the element ``locator`` is visible.</doc>
<status status="PASS" starttime="20231214 17:28:51.854" endtime="20231214 17:28:52.897"/>
</kw>
<kw name="Get Text" library="SeleniumLibrary">
<var>${txt}</var>
<arg>${locator_CourseErrorMsg}</arg>
<doc>Returns the text value of the element identified by ``locator``.</doc>
<msg timestamp="20231214 17:28:53.933" level="INFO">${txt} = This field is required</msg>
<status status="PASS" starttime="20231214 17:28:52.898" endtime="20231214 17:28:53.934"/>
</kw>
<kw name="Should Be Equal As Strings" library="BuiltIn">
<arg>${txt}</arg>
<arg>This field is required</arg>
<doc>Fails if objects are unequal after converting them to strings.</doc>
<status status="PASS" starttime="20231214 17:28:53.934" endtime="20231214 17:28:53.936"/>
</kw>
<status status="PASS" starttime="20231214 17:28:49.744" endtime="20231214 17:28:53.936"/>
</kw>
<kw name="Input Nationality - Null">
<kw name="Wait Until Element Is Visible" library="SeleniumLibrary">
<arg>${locator_select-nationality}</arg>
<doc>Waits until the element ``locator`` is visible.</doc>
<status status="PASS" starttime="20231214 17:28:53.937" endtime="20231214 17:28:54.976"/>
</kw>
<kw name="Click Element" library="SeleniumLibrary">
<arg>${locator_btn_signup}</arg>
<doc>Click the element identified by ``locator``.</doc>
<msg timestamp="20231214 17:28:54.979" level="INFO">Clicking element 'id=btn-sign-up'.</msg>
<status status="PASS" starttime="20231214 17:28:54.977" endtime="20231214 17:28:56.051"/>
</kw>
<kw name="Wait Until Element Is Visible" library="SeleniumLibrary">
<arg>${locator_NationalityErrorMsg}</arg>
<doc>Waits until the element ``locator`` is visible.</doc>
<status status="PASS" starttime="20231214 17:28:56.052" endtime="20231214 17:28:57.089"/>
</kw>
<kw name="Get Text" library="SeleniumLibrary">
<var>${txt}</var>
<arg>${locator_NationalityErrorMsg}</arg>
<doc>Returns the text value of the element identified by ``locator``.</doc>
<msg timestamp="20231214 17:28:58.127" level="INFO">${txt} = This field is required</msg>
<status status="PASS" starttime="20231214 17:28:57.091" endtime="20231214 17:28:58.128"/>
</kw>
<kw name="Should Be Equal As Strings" library="BuiltIn">
<arg>${txt}</arg>
<arg>This field is required</arg>
<doc>Fails if objects are unequal after converting them to strings.</doc>
<status status="PASS" starttime="20231214 17:28:58.129" endtime="20231214 17:28:58.130"/>
</kw>
<status status="PASS" starttime="20231214 17:28:53.937" endtime="20231214 17:28:58.130"/>
</kw>
<kw name="Input Role - Null">
<kw name="Wait Until Element Is Visible" library="SeleniumLibrary">
<arg>${locator_select-role}</arg>
<doc>Waits until the element ``locator`` is visible.</doc>
<status status="PASS" starttime="20231214 17:28:58.132" endtime="20231214 17:28:59.173"/>
</kw>
<kw name="Click Element" library="SeleniumLibrary">
<arg>${locator_btn_signup}</arg>
<doc>Click the element identified by ``locator``.</doc>
<msg timestamp="20231214 17:28:59.176" level="INFO">Clicking element 'id=btn-sign-up'.</msg>
<status status="PASS" starttime="20231214 17:28:59.174" endtime="20231214 17:29:00.246"/>
</kw>
<kw name="Wait Until Element Is Visible" library="SeleniumLibrary">
<arg>${locator_RoleErrorMsg}</arg>
<doc>Waits until the element ``locator`` is visible.</doc>
<status status="PASS" starttime="20231214 17:29:00.247" endtime="20231214 17:29:01.288"/>
</kw>
<kw name="Get Text" library="SeleniumLibrary">
<var>${txt}</var>
<arg>${locator_RoleErrorMsg}</arg>
<doc>Returns the text value of the element identified by ``locator``.</doc>
<msg timestamp="20231214 17:29:02.320" level="INFO">${txt} = This field is required</msg>
<status status="PASS" starttime="20231214 17:29:01.289" endtime="20231214 17:29:02.321"/>
</kw>
<kw name="Should Be Equal As Strings" library="BuiltIn">
<arg>${txt}</arg>
<arg>This field is required</arg>
<doc>Fails if objects are unequal after converting them to strings.</doc>
<status status="PASS" starttime="20231214 17:29:02.322" endtime="20231214 17:29:02.323"/>
</kw>
<status status="PASS" starttime="20231214 17:28:58.131" endtime="20231214 17:29:02.323"/>
</kw>
<kw name="Input Plan - Null">
<kw name="Wait Until Element Is Visible" library="SeleniumLibrary">
<arg>${locator_select-plan}</arg>
<doc>Waits until the element ``locator`` is visible.</doc>
<status status="PASS" starttime="20231214 17:29:02.324" endtime="20231214 17:29:03.358"/>
</kw>
<kw name="Click Element" library="SeleniumLibrary">
<arg>${locator_btn_signup}</arg>
<doc>Click the element identified by ``locator``.</doc>
<msg timestamp="20231214 17:29:03.361" level="INFO">Clicking element 'id=btn-sign-up'.</msg>
<status status="PASS" starttime="20231214 17:29:03.359" endtime="20231214 17:29:04.418"/>
</kw>
<kw name="Wait Until Element Is Visible" library="SeleniumLibrary">
<arg>${locator_PlanErrorMsg}</arg>
<doc>Waits until the element ``locator`` is visible.</doc>
<status status="PASS" starttime="20231214 17:29:04.419" endtime="20231214 17:29:05.460"/>
</kw>
<kw name="Get Text" library="SeleniumLibrary">
<var>${txt}</var>
<arg>${locator_PlanErrorMsg}</arg>
<doc>Returns the text value of the element identified by ``locator``.</doc>
<msg timestamp="20231214 17:29:06.483" level="INFO">${txt} = This field is required</msg>
<status status="PASS" starttime="20231214 17:29:05.460" endtime="20231214 17:29:06.483"/>
</kw>
<kw name="Should Be Equal As Strings" library="BuiltIn">
<arg>${txt}</arg>
<arg>This field is required</arg>
<doc>Fails if objects are unequal after converting them to strings.</doc>
<status status="PASS" starttime="20231214 17:29:06.484" endtime="20231214 17:29:06.486"/>
</kw>
<status status="PASS" starttime="20231214 17:29:02.324" endtime="20231214 17:29:06.486"/>
</kw>
<kw name="Close Browser" library="SeleniumLibrary">
<doc>Closes the current browser.</doc>
<status status="PASS" starttime="20231214 17:29:06.487" endtime="20231214 17:29:07.054"/>
</kw>
<status status="PASS" starttime="20231214 17:28:13.163" endtime="20231214 17:29:07.055"/>
</test>
<test id="s1-s1-t5" name="TC-005 - Check box course" line="188">
<kw name="Open Web browser">
<kw name="Set Selenium Speed" library="SeleniumLibrary">
<arg>0.5s</arg>
<doc>Sets the delay that is waited after each Selenium command.</doc>
<status status="PASS" starttime="20231214 17:29:07.056" endtime="20231214 17:29:07.056"/>
</kw>
<kw name="Open Browser" library="SeleniumLibrary">
<arg>${url}</arg>
<arg>${browser}</arg>
<doc>Opens a new browser instance to the optional ``url``.</doc>
<msg timestamp="20231214 17:29:07.057" level="INFO">Opening browser 'chrome' to base url 'https://automate-test.stpb-digital.com/register/'.</msg>
<status status="PASS" starttime="20231214 17:29:07.056" endtime="20231214 17:29:09.343"/>
</kw>
<kw name="Wait Until Page Contains" library="SeleniumLibrary">
<arg>Kru P' Beam</arg>
<arg>5s</arg>
<doc>Waits until ``text`` appears on the current page.</doc>
<status status="PASS" starttime="20231214 17:29:09.344" endtime="20231214 17:29:09.859"/>
</kw>
<kw name="Maximize Browser Window" library="SeleniumLibrary">
<doc>Maximizes current browser window.</doc>
<status status="PASS" starttime="20231214 17:29:09.859" endtime="20231214 17:29:10.474"/>
</kw>
<status status="PASS" starttime="20231214 17:29:07.056" endtime="20231214 17:29:10.475"/>
</kw>
<kw name="Wait Until Page Contains" library="SeleniumLibrary">
<arg>SQL</arg>
<doc>Waits until ``text`` appears on the current page.</doc>
<status status="PASS" starttime="20231214 17:29:10.475" endtime="20231214 17:29:10.993"/>
</kw>
<kw name="Select Checkbox" library="SeleniumLibrary">
<arg>name=courses.SQL</arg>
<doc>Selects the checkbox identified by ``locator``.</doc>
<msg timestamp="20231214 17:29:10.994" level="INFO">Selecting checkbox 'name=courses.SQL'.</msg>
<status status="PASS" starttime="20231214 17:29:10.994" endtime="20231214 17:29:13.626"/>
</kw>
<kw name="Unselect Checkbox" library="SeleniumLibrary">
<arg>${locator_courseSQL}</arg>
<doc>Removes the selection of checkbox identified by ``locator``.</doc>
<msg timestamp="20231214 17:29:13.627" level="INFO">Unselecting checkbox 'name=courses.SQL'.</msg>
<status status="PASS" starttime="20231214 17:29:13.626" endtime="20231214 17:29:16.222"/>
</kw>
<kw name="Sleep" library="BuiltIn">
<arg>2s</arg>
<doc>Pauses the test executed for the given time.</doc>
<msg timestamp="20231214 17:29:18.224" level="INFO">Slept 2 seconds</msg>
<status status="PASS" starttime="20231214 17:29:16.223" endtime="20231214 17:29:18.225"/>
</kw>
<kw name="Select Checkbox" library="SeleniumLibrary">
<arg>${locator_courseTestManual}</arg>
<doc>Selects the checkbox identified by ``locator``.</doc>
<msg timestamp="20231214 17:29:18.227" level="INFO">Selecting checkbox 'name=courses.Test Manual'.</msg>
<status status="PASS" starttime="20231214 17:29:18.226" endtime="20231214 17:29:20.841"/>
</kw>
<kw name="Unselect Checkbox" library="SeleniumLibrary">
<arg>${locator_courseTestManual}</arg>
<doc>Removes the selection of checkbox identified by ``locator``.</doc>
<msg timestamp="20231214 17:29:20.844" level="INFO">Unselecting checkbox 'name=courses.Test Manual'.</msg>
<status status="PASS" starttime="20231214 17:29:20.842" endtime="20231214 17:29:23.439"/>
</kw>
<kw name="Sleep" library="BuiltIn">
<arg>2s</arg>
<doc>Pauses the test executed for the given time.</doc>
<msg timestamp="20231214 17:29:25.442" level="INFO">Slept 2 seconds</msg>
<status status="PASS" starttime="20231214 17:29:23.440" endtime="20231214 17:29:25.443"/>
</kw>
<kw name="Select Checkbox" library="SeleniumLibrary">
<arg>${locator_courseAutomateTest}</arg>
<doc>Selects the checkbox identified by ``locator``.</doc>
<msg timestamp="20231214 17:29:25.446" level="INFO">Selecting checkbox 'name=courses.Automate Test'.</msg>
<status status="PASS" starttime="20231214 17:29:25.444" endtime="20231214 17:29:28.062"/>
</kw>
<kw name="Unselect Checkbox" library="SeleniumLibrary">
<arg>${locator_courseAutomateTest}</arg>
<doc>Removes the selection of checkbox identified by ``locator``.</doc>
<msg timestamp="20231214 17:29:28.064" level="INFO">Unselecting checkbox 'name=courses.Automate Test'.</msg>
<status status="PASS" starttime="20231214 17:29:28.063" endtime="20231214 17:29:30.668"/>
</kw>
<kw name="Sleep" library="BuiltIn">
<arg>2s</arg>
<doc>Pauses the test executed for the given time.</doc>
<msg timestamp="20231214 17:29:32.671" level="INFO">Slept 2 seconds</msg>
<status status="PASS" starttime="20231214 17:29:30.669" endtime="20231214 17:29:32.672"/>
</kw>
<kw name="Select Checkbox" library="SeleniumLibrary">
<arg>${locator_courseAutomateTest2}</arg>
<doc>Selects the checkbox identified by ``locator``.</doc>
<msg timestamp="20231214 17:29:32.676" level="INFO">Selecting checkbox 'name=courses.Automate Test2'.</msg>
<status status="PASS" starttime="20231214 17:29:32.674" endtime="20231214 17:29:35.289"/>
</kw>
<kw name="Unselect Checkbox" library="SeleniumLibrary">
<arg>${locator_courseAutomateTest2}</arg>
<doc>Removes the selection of checkbox identified by ``locator``.</doc>
<msg timestamp="20231214 17:29:35.292" level="INFO">Unselecting checkbox 'name=courses.Automate Test2'.</msg>
<status status="PASS" starttime="20231214 17:29:35.290" endtime="20231214 17:29:37.895"/>
</kw>
<kw name="Sleep" library="BuiltIn">
<arg>2s</arg>
<doc>Pauses the test executed for the given time.</doc>
<msg timestamp="20231214 17:29:39.898" level="INFO">Slept 2 seconds</msg>
<status status="PASS" starttime="20231214 17:29:37.896" endtime="20231214 17:29:39.899"/>
</kw>
<kw name="Close Browser" library="SeleniumLibrary">
<doc>Closes the current browser.</doc>
<status status="PASS" starttime="20231214 17:29:39.900" endtime="20231214 17:29:40.474"/>
</kw>
<status status="PASS" starttime="20231214 17:29:07.055" endtime="20231214 17:29:40.474"/>
</test>
<status status="FAIL" starttime="20231214 17:27:59.212" endtime="20231214 17:29:40.475"/>
</suite>
<status status="FAIL" starttime="20231214 17:27:59.195" endtime="20231214 17:29:40.478"/>
</suite>
<statistics>
<total>
<stat pass="3" fail="2" skip="0">All Tests</stat>
</total>
<tag>
</tag>
<suite>
<stat pass="3" fail="2" skip="0" id="s1" name="Automated">Automated</stat>
<stat pass="3" fail="2" skip="0" id="s1-s1" name="AnsHomework2">Automated.AnsHomework2</stat>
</suite>
</statistics>
<errors>
<msg timestamp="20231214 17:28:03.741" level="WARN">Keyword 'Capture Page Screenshot' could not be run on failure: Message: no such window: target window already closed
from unknown error: web view not found
  (Session info: chrome=120.0.6099.109)
Stacktrace:
0   chromedriver                        0x00000001052bc4cc chromedriver + 4162764
1   chromedriver                        0x00000001052b4654 chromedriver + 4130388
2   chromedriver                        0x0000000104f0bbc0 chromedriver + 293824
3   chromedriver                        0x0000000104ee46c0 chromedriver + 132800
4   chromedriver                        0x0000000104f7d25c chromedriver + 758364
5   chromedriver                        0x0000000104f91294 chromedriver + 840340
6   chromedriver                        0x0000000104f456bc chromedriver + 530108
7   chromedriver                        0x0000000104f46930 chromedriver + 534832
8   chromedriver                        0x0000000105281df8 chromedriver + 3923448
9   chromedriver                        0x00000001052863cc chromedriver + 3941324
10  chromedriver                        0x000000010526a028 chromedriver + 3825704
11  chromedriver                        0x0000000105286f2c chromedriver + 3944236
12  chromedriver                        0x000000010525c6e4 chromedriver + 3770084
13  chromedriver                        0x00000001052a3970 chromedriver + 4061552
14  chromedriver                        0x00000001052a3ae8 chromedriver + 4061928
15  chromedriver                        0x00000001052b42d4 chromedriver + 4129492
16  libsystem_pthread.dylib             0x000000018ba45034 _pthread_start + 136
17  libsystem_pthread.dylib             0x000000018ba3fe3c thread_start + 8
</msg>
<msg timestamp="20231214 17:28:08.167" level="WARN">Keyword 'Capture Page Screenshot' could not be run on failure: Message: no such window: target window already closed
from unknown error: web view not found
  (Session info: chrome=120.0.6099.109)
Stacktrace:
0   chromedriver                        0x00000001031f84cc chromedriver + 4162764
1   chromedriver                        0x00000001031f0654 chromedriver + 4130388
2   chromedriver                        0x0000000102e47bc0 chromedriver + 293824
3   chromedriver                        0x0000000102e206c0 chromedriver + 132800
4   chromedriver                        0x0000000102eb925c chromedriver + 758364
5   chromedriver                        0x0000000102ecd294 chromedriver + 840340
6   chromedriver                        0x0000000102e816bc chromedriver + 530108
7   chromedriver                        0x0000000102e82930 chromedriver + 534832
8   chromedriver                        0x00000001031bddf8 chromedriver + 3923448
9   chromedriver                        0x00000001031c23cc chromedriver + 3941324
10  chromedriver                        0x00000001031a6028 chromedriver + 3825704
11  chromedriver                        0x00000001031c2f2c chromedriver + 3944236
12  chromedriver                        0x00000001031986e4 chromedriver + 3770084
13  chromedriver                        0x00000001031df970 chromedriver + 4061552
14  chromedriver                        0x00000001031dfae8 chromedriver + 4061928
15  chromedriver                        0x00000001031f02d4 chromedriver + 4129492
16  libsystem_pthread.dylib             0x000000018ba45034 _pthread_start + 136
17  libsystem_pthread.dylib             0x000000018ba3fe3c thread_start + 8
</msg>
</errors>
</robot>
